{"ts":"2026-03-11T01:58:14+03:00","op":"news_collect_source_error","ctx":{"source":"Ars Technica","url":"https://feeds.arstechnica.com/arstechnica/index","error":"http_error","status":0}}
{"ts":"2026-03-11T01:58:22+03:00","op":"news_collect_source_error","ctx":{"source":"WIRED","url":"https://www.wired.com/feed/rss","error":"http_error","status":0}}
{"ts":"2026-03-14T00:38:35+03:00","op":"news_collect_start","ctx":{"category":"tech","keyword":"yapay zeka","range":"24h","limit":10}}
{"ts":"2026-03-14T00:38:35+03:00","op":"news_collect_done","ctx":{"ok":false,"raw_count":0,"final_count":0,"reason":"no_sources"}}
{"ts":"2026-03-14T00:38:36+03:00","op":"news_collect_start","ctx":{"category":"tech","keyword":"yapay zeka","range":"24h","limit":10}}
{"ts":"2026-03-14T00:38:36+03:00","op":"news_collect_done","ctx":{"ok":false,"raw_count":0,"final_count":0,"reason":"no_sources"}}
{"ts":"2026-03-14T00:38:56+03:00","op":"news_collect_start","ctx":{"category":"tech","keyword":"yapay zeka","range":"24h","limit":10}}
{"ts":"2026-03-14T00:38:56+03:00","op":"news_collect_done","ctx":{"ok":false,"raw_count":0,"final_count":0,"reason":"no_sources"}}
{"ts":"2026-03-14T00:38:57+03:00","op":"news_collect_start","ctx":{"category":"tech","keyword":"yapay zeka","range":"24h","limit":10}}
{"ts":"2026-03-14T00:38:57+03:00","op":"news_collect_done","ctx":{"ok":false,"raw_count":0,"final_count":0,"reason":"no_sources"}}
{"ts":"2026-03-14T00:39:27+03:00","op":"news_collect_start","ctx":{"category":"tech","keyword":"yapay zeka","range":"24h","limit":10}}
{"ts":"2026-03-14T00:39:27+03:00","op":"news_collect_done","ctx":{"ok":false,"raw_count":0,"final_count":0,"reason":"no_sources"}}
{"ts":"2026-03-14T00:39:28+03:00","op":"news_collect_start","ctx":{"category":"tech","keyword":"yapay zeka","range":"24h","limit":10}}
{"ts":"2026-03-14T00:39:28+03:00","op":"news_collect_done","ctx":{"ok":false,"raw_count":0,"final_count":0,"reason":"no_sources"}}
{"ts":"2026-03-14T00:41:59+03:00","op":"news_collect_start","ctx":{"category":"tech","keyword":"yapay zeka","range":"24h","limit":10}}
{"ts":"2026-03-14T00:41:59+03:00","op":"news_collect_done","ctx":{"ok":false,"raw_count":0,"final_count":0,"reason":"no_sources"}}
{"ts":"2026-03-14T00:42:00+03:00","op":"news_collect_start","ctx":{"category":"tech","keyword":"yapay zeka","range":"24h","limit":10}}
{"ts":"2026-03-14T00:42:00+03:00","op":"news_collect_done","ctx":{"ok":false,"raw_count":0,"final_count":0,"reason":"no_sources"}}
{"ts":"2026-03-14T00:48:34+03:00","op":"news_collect_start","ctx":{"category":"tech","keyword":"yapay zeka","range":"24h","limit":10}}
{"ts":"2026-03-14T00:48:34+03:00","op":"news_collect_done","ctx":{"ok":false,"raw_count":0,"final_count":0,"reason":"no_sources"}}
{"ts":"2026-03-14T00:48:35+03:00","op":"news_collect_start","ctx":{"category":"tech","keyword":"yapay zeka","range":"24h","limit":10}}
{"ts":"2026-03-14T00:48:35+03:00","op":"news_collect_done","ctx":{"ok":false,"raw_count":0,"final_count":0,"reason":"no_sources"}}
{"ts":"2026-03-14T00:50:13+03:00","op":"news_collect_start","ctx":{"category":"tech","keyword":"yapay zeka","range":"24h","limit":10}}
{"ts":"2026-03-14T00:50:13+03:00","op":"news_collect_done","ctx":{"ok":false,"raw_count":0,"final_count":0,"reason":"no_sources"}}
{"ts":"2026-03-14T00:50:15+03:00","op":"news_collect_start","ctx":{"category":"tech","keyword":"yapay zeka","range":"24h","limit":10}}
{"ts":"2026-03-14T00:50:15+03:00","op":"news_collect_done","ctx":{"ok":false,"raw_count":0,"final_count":0,"reason":"no_sources"}}
{"ts":"2026-03-14T00:50:39+03:00","op":"news_collect_start","ctx":{"category":"tech","keyword":"yapay zeka","range":"24h","limit":10}}
{"ts":"2026-03-14T00:50:39+03:00","op":"news_collect_done","ctx":{"ok":false,"raw_count":0,"final_count":0,"reason":"no_sources"}}
{"ts":"2026-03-14T00:50:40+03:00","op":"news_collect_start","ctx":{"category":"tech","keyword":"yapay zeka","range":"24h","limit":10}}
{"ts":"2026-03-14T00:50:40+03:00","op":"news_collect_done","ctx":{"ok":false,"raw_count":0,"final_count":0,"reason":"no_sources"}}
{"ts":"2026-03-14T00:50:47+03:00","op":"news_collect_start","ctx":{"category":"tech","keyword":"yapay zeka","range":"24h","limit":10}}
{"ts":"2026-03-14T00:50:47+03:00","op":"news_collect_done","ctx":{"ok":false,"raw_count":0,"final_count":0,"reason":"no_sources"}}
{"ts":"2026-03-14T00:50:48+03:00","op":"news_collect_start","ctx":{"category":"tech","keyword":"yapay zeka","range":"24h","limit":10}}
{"ts":"2026-03-14T00:50:48+03:00","op":"news_collect_done","ctx":{"ok":false,"raw_count":0,"final_count":0,"reason":"no_sources"}}
{"ts":"2026-03-14T00:51:00+03:00","op":"news_collect_start","ctx":{"category":"tech","keyword":"yapay zeka","range":"24h","limit":10}}
{"ts":"2026-03-14T00:51:00+03:00","op":"news_collect_done","ctx":{"ok":false,"raw_count":0,"final_count":0,"reason":"no_sources"}}
{"ts":"2026-03-14T00:51:01+03:00","op":"news_collect_start","ctx":{"category":"tech","keyword":"yapay zeka","range":"24h","limit":10}}
{"ts":"2026-03-14T00:51:01+03:00","op":"news_collect_done","ctx":{"ok":false,"raw_count":0,"final_count":0,"reason":"no_sources"}}
{"ts":"2026-03-14T00:53:07+03:00","op":"news_collect_start","ctx":{"category":"tech","keyword":"yapay zeka","range":"24h","limit":10}}
{"ts":"2026-03-14T00:53:07+03:00","op":"news_collect_done","ctx":{"ok":false,"raw_count":0,"final_count":0,"reason":"no_sources"}}
{"ts":"2026-03-14T00:53:08+03:00","op":"news_collect_start","ctx":{"category":"tech","keyword":"yapay zeka","range":"24h","limit":10}}
{"ts":"2026-03-14T00:53:08+03:00","op":"news_collect_done","ctx":{"ok":false,"raw_count":0,"final_count":0,"reason":"no_sources"}}
{"ts":"2026-03-14T00:59:28+03:00","op":"news_collect_start","ctx":{"category":"tech","keyword":"yapay zeka","range":"24h","limit":10}}
{"ts":"2026-03-14T00:59:28+03:00","op":"news_collect_done","ctx":{"ok":false,"raw_count":0,"final_count":0,"reason":"no_sources"}}
{"ts":"2026-03-14T00:59:29+03:00","op":"news_collect_start","ctx":{"category":"tech","keyword":"yapay zeka","range":"24h","limit":10}}
{"ts":"2026-03-14T00:59:29+03:00","op":"news_collect_done","ctx":{"ok":false,"raw_count":0,"final_count":0,"reason":"no_sources"}}
{"ts":"2026-03-14T01:04:14+03:00","op":"news_collect_start","ctx":{"category":"tech","keyword":"yapay zeka","range":"24h","limit":10}}
{"ts":"2026-03-14T01:04:14+03:00","op":"news_collect_done","ctx":{"ok":false,"raw_count":0,"final_count":0,"reason":"no_sources"}}
{"ts":"2026-03-14T01:04:15+03:00","op":"news_collect_start","ctx":{"category":"tech","keyword":"yapay zeka","range":"24h","limit":10}}
{"ts":"2026-03-14T01:04:15+03:00","op":"news_collect_done","ctx":{"ok":false,"raw_count":0,"final_count":0,"reason":"no_sources"}}
{"ts":"2026-03-14T01:13:11+03:00","op":"news_collect_start","ctx":{"category":"tech","keyword":"yapay zeka","range":"24h","limit":10}}
{"ts":"2026-03-14T01:13:14+03:00","op":"news_collect_done","ctx":{"ok":false,"raw_count":0,"final_count":0,"error_count":0,"source_count":4}}
{"ts":"2026-03-14T01:13:15+03:00","op":"news_collect_start","ctx":{"category":"tech","keyword":"yapay zeka","range":"24h","limit":10}}
{"ts":"2026-03-14T01:13:17+03:00","op":"news_collect_done","ctx":{"ok":false,"raw_count":0,"final_count":0,"error_count":0,"source_count":4}}
{"ts":"2026-03-14T01:17:08+03:00","op":"news_collect_start","ctx":{"category":"tech","keyword":"yapay zeka","range":"24h","limit":10}}
{"ts":"2026-03-14T01:17:11+03:00","op":"news_collect_done","ctx":{"ok":false,"raw_count":0,"final_count":0,"error_count":0,"source_count":4}}
{"ts":"2026-03-14T01:17:11+03:00","op":"news_collect_start","ctx":{"category":"tech","keyword":"yapay zeka","range":"24h","limit":10}}
{"ts":"2026-03-14T01:17:14+03:00","op":"news_collect_done","ctx":{"ok":false,"raw_count":0,"final_count":0,"error_count":0,"source_count":4}}
{"ts":"2026-03-14T01:17:40+03:00","op":"news_collect_start","ctx":{"category":"tech","keyword":"yapay zeka","range":"24h","limit":10}}
{"ts":"2026-03-14T01:17:42+03:00","op":"news_collect_done","ctx":{"ok":false,"raw_count":0,"final_count":0,"error_count":0,"source_count":4}}
{"ts":"2026-03-14T01:17:43+03:00","op":"news_collect_start","ctx":{"category":"tech","keyword":"yapay zeka","range":"24h","limit":10}}
{"ts":"2026-03-14T01:17:45+03:00","op":"news_collect_done","ctx":{"ok":false,"raw_count":0,"final_count":0,"error_count":0,"source_count":4}}
{"ts":"2026-03-14T01:25:03+03:00","op":"news_collect_start","ctx":{"category":"tech","keyword":"yapay zeka","range":"24h","limit":10}}
{"ts":"2026-03-14T01:25:06+03:00","op":"news_collect_done","ctx":{"ok":false,"raw_count":0,"final_count":0,"error_count":0,"source_count":4}}
{"ts":"2026-03-14T01:25:06+03:00","op":"news_collect_start","ctx":{"category":"tech","keyword":"yapay zeka","range":"24h","limit":10}}
{"ts":"2026-03-14T01:25:09+03:00","op":"news_collect_done","ctx":{"ok":false,"raw_count":0,"final_count":0,"error_count":0,"source_count":4}}
{"ts":"2026-03-14T01:28:25+03:00","op":"news_collect_start","ctx":{"category":"tech","keyword":"yapay zeka","range":"24h","limit":10}}
{"ts":"2026-03-14T01:28:27+03:00","op":"news_collect_done","ctx":{"ok":false,"raw_count":0,"final_count":0,"error_count":0,"source_count":4}}
{"ts":"2026-03-14T01:28:28+03:00","op":"news_collect_start","ctx":{"category":"tech","keyword":"yapay zeka","range":"24h","limit":10}}
{"ts":"2026-03-14T01:28:31+03:00","op":"news_collect_done","ctx":{"ok":false,"raw_count":0,"final_count":0,"error_count":0,"source_count":4}}
{"ts":"2026-03-14T01:38:22+03:00","op":"news_collect_start","ctx":{"category":"tech","keyword":"yapay zeka","range":"24h","limit":10}}
{"ts":"2026-03-14T01:38:22+03:00","op":"news_collect_done","ctx":{"ok":false,"raw_count":0,"final_count":0,"reason":"no_sources"}}
{"ts":"2026-03-14T01:38:22+03:00","op":"news_collect_start","ctx":{"category":"tech","keyword":"yapay zeka","range":"24h","limit":10}}
{"ts":"2026-03-14T01:38:22+03:00","op":"news_collect_done","ctx":{"ok":false,"raw_count":0,"final_count":0,"reason":"no_sources"}}
{"ts":"2026-03-14T01:39:04+03:00","op":"news_collect_start","ctx":{"category":"tech","keyword":"yapay zeka","range":"24h","limit":10}}
{"ts":"2026-03-14T01:39:04+03:00","op":"news_collect_done","ctx":{"ok":false,"raw_count":0,"final_count":0,"reason":"no_sources"}}
{"ts":"2026-03-14T01:39:04+03:00","op":"news_collect_start","ctx":{"category":"tech","keyword":"yapay zeka","range":"24h","limit":10}}
{"ts":"2026-03-14T01:39:04+03:00","op":"news_collect_done","ctx":{"ok":false,"raw_count":0,"final_count":0,"reason":"no_sources"}}
{"ts":"2026-03-14T01:39:20+03:00","op":"news_collect_start","ctx":{"category":"tech","keyword":"yapay zeka","range":"24h","limit":10}}
{"ts":"2026-03-14T01:39:20+03:00","op":"news_collect_done","ctx":{"ok":false,"raw_count":0,"final_count":0,"reason":"no_sources"}}
{"ts":"2026-03-14T01:39:21+03:00","op":"news_collect_start","ctx":{"category":"tech","keyword":"yapay zeka","range":"24h","limit":10}}
{"ts":"2026-03-14T01:39:21+03:00","op":"news_collect_done","ctx":{"ok":false,"raw_count":0,"final_count":0,"reason":"no_sources"}}
{"ts":"2026-03-14T01:44:00+03:00","op":"news_collect_start","ctx":{"category":"tech","keyword":"yapay zeka","range":"24h","limit":10}}
{"ts":"2026-03-14T01:44:00+03:00","op":"news_collect_done","ctx":{"ok":false,"raw_count":0,"final_count":0,"reason":"no_sources"}}
{"ts":"2026-03-14T01:44:01+03:00","op":"news_collect_start","ctx":{"category":"tech","keyword":"yapay zeka","range":"24h","limit":10}}
{"ts":"2026-03-14T01:44:01+03:00","op":"news_collect_done","ctx":{"ok":false,"raw_count":0,"final_count":0,"reason":"no_sources"}}
{"ts":"2026-03-14T01:44:17+03:00","op":"news_collect_start","ctx":{"category":"tech","keyword":"yapay zeka","range":"24h","limit":10}}
{"ts":"2026-03-14T01:44:17+03:00","op":"news_collect_done","ctx":{"ok":false,"raw_count":0,"final_count":0,"reason":"no_sources"}}
{"ts":"2026-03-14T01:44:18+03:00","op":"news_collect_start","ctx":{"category":"tech","keyword":"yapay zeka","range":"24h","limit":10}}
{"ts":"2026-03-14T01:44:18+03:00","op":"news_collect_done","ctx":{"ok":false,"raw_count":0,"final_count":0,"reason":"no_sources"}}
